c:\programing\projects\c++\facedetect-v2\facedetect-v2\x64\release\vc140.pdb
c:\programing\projects\c++\facedetect-v2\facedetect-v2\x64\release\cjson.obj
c:\programing\projects\c++\facedetect-v2\facedetect-v2\x64\release\main.obj
c:\programing\projects\c++\facedetect-v2\facedetect-v2\x64\release\facedetectcnn.obj
c:\programing\projects\c++\facedetect-v2\facedetect-v2\x64\release\facedetectcnn-model.obj
c:\programing\projects\c++\facedetect-v2\facedetect-v2\x64\release\facedetectcnn-int8data.obj
c:\programing\projects\c++\facedetect-v2\facedetect-v2\x64\release\facedetectapi.obj
c:\programing\projects\c++\facedetect-v2\x64\release\facedetect-v2.lib
c:\programing\projects\c++\facedetect-v2\x64\release\facedetect-v2.exp
c:\programing\projects\c++\facedetect-v2\x64\release\facedetect-v2.dll
c:\programing\projects\c++\facedetect-v2\x64\release\facedetect-v2.ipdb
c:\programing\projects\c++\facedetect-v2\x64\release\facedetect-v2.iobj
c:\programing\projects\c++\facedetect-v2\x64\release\facedetect-v2.pdb
c:\programing\projects\c++\facedetect-v2\facedetect-v2\x64\release\facedetect-v2.tlog\cl.command.1.tlog
c:\programing\projects\c++\facedetect-v2\facedetect-v2\x64\release\facedetect-v2.tlog\cl.read.1.tlog
c:\programing\projects\c++\facedetect-v2\facedetect-v2\x64\release\facedetect-v2.tlog\cl.write.1.tlog
c:\programing\projects\c++\facedetect-v2\facedetect-v2\x64\release\facedetect-v2.tlog\facedetect-v2.write.1u.tlog
c:\programing\projects\c++\facedetect-v2\facedetect-v2\x64\release\facedetect-v2.tlog\link.command.1.tlog
c:\programing\projects\c++\facedetect-v2\facedetect-v2\x64\release\facedetect-v2.tlog\link.read.1.tlog
c:\programing\projects\c++\facedetect-v2\facedetect-v2\x64\release\facedetect-v2.tlog\link.write.1.tlog
